CRITICAL - 2022-02-25 10:20:09 --> date() expects at least 1 parameter, 0 given
#0 [internal function]: CodeIgniter\Debug\Exceptions->errorHandler(2, 'date() expects ...', 'E:\\wamp\\www\\rah...', 1, Array)
#1 E:\wamp\www\rahulworkspace\codeigniter\app\Views\welcome_message.php(1): date()
#2 E:\wamp\www\rahulworkspace\codeigniter\system\View\View.php(210): include('E:\\wamp\\www\\rah...')
#3 E:\wamp\www\rahulworkspace\codeigniter\system\View\View.php(213): CodeIgniter\View\View->CodeIgniter\View\{closure}()
#4 E:\wamp\www\rahulworkspace\codeigniter\system\Common.php(1089): CodeIgniter\View\View->render('welcome_message', Array, true)
#5 E:\wamp\www\rahulworkspace\codeigniter\app\Controllers\Home.php(9): view('welcome_message')
#6 E:\wamp\www\rahulworkspace\codeigniter\system\CodeIgniter.php(825): App\Controllers\Home->index()
#7 E:\wamp\www\rahulworkspace\codeigniter\system\CodeIgniter.php(412): CodeIgniter\CodeIgniter->runController(Object(App\Controllers\Home))
#8 E:\wamp\www\rahulworkspace\codeigniter\system\CodeIgniter.php(320): CodeIgniter\CodeIgniter->handleRequest(NULL, Object(Config\Cache), false)
#9 E:\wamp\www\rahulworkspace\codeigniter\public\index.php(37): CodeIgniter\CodeIgniter->run()
#10 {main}
CRITICAL - 2022-02-25 10:20:11 --> date() expects at least 1 parameter, 0 given
#0 [internal function]: CodeIgniter\Debug\Exceptions->errorHandler(2, 'date() expects ...', 'E:\\wamp\\www\\rah...', 1, Array)
#1 E:\wamp\www\rahulworkspace\codeigniter\app\Views\welcome_message.php(1): date()
#2 E:\wamp\www\rahulworkspace\codeigniter\system\View\View.php(210): include('E:\\wamp\\www\\rah...')
#3 E:\wamp\www\rahulworkspace\codeigniter\system\View\View.php(213): CodeIgniter\View\View->CodeIgniter\View\{closure}()
#4 E:\wamp\www\rahulworkspace\codeigniter\system\Common.php(1089): CodeIgniter\View\View->render('welcome_message', Array, true)
#5 E:\wamp\www\rahulworkspace\codeigniter\app\Controllers\Home.php(9): view('welcome_message')
#6 E:\wamp\www\rahulworkspace\codeigniter\system\CodeIgniter.php(825): App\Controllers\Home->index()
#7 E:\wamp\www\rahulworkspace\codeigniter\system\CodeIgniter.php(412): CodeIgniter\CodeIgniter->runController(Object(App\Controllers\Home))
#8 E:\wamp\www\rahulworkspace\codeigniter\system\CodeIgniter.php(320): CodeIgniter\CodeIgniter->handleRequest(NULL, Object(Config\Cache), false)
#9 E:\wamp\www\rahulworkspace\codeigniter\public\index.php(37): CodeIgniter\CodeIgniter->run()
#10 {main}
CRITICAL - 2022-02-25 10:26:04 --> Undefined variable: data
#0 E:\wamp\www\rahulworkspace\codeigniter\app\Views\list_product.php(3): CodeIgniter\Debug\Exceptions->errorHandler(8, 'Undefined varia...', 'E:\\wamp\\www\\rah...', 3, Array)
#1 E:\wamp\www\rahulworkspace\codeigniter\system\View\View.php(210): include('E:\\wamp\\www\\rah...')
#2 E:\wamp\www\rahulworkspace\codeigniter\system\View\View.php(213): CodeIgniter\View\View->CodeIgniter\View\{closure}()
#3 E:\wamp\www\rahulworkspace\codeigniter\system\Common.php(1089): CodeIgniter\View\View->render('list_product', Array, true)
#4 E:\wamp\www\rahulworkspace\codeigniter\app\Controllers\Product.php(10): view('list_product', Array)
#5 E:\wamp\www\rahulworkspace\codeigniter\system\CodeIgniter.php(825): App\Controllers\Product->index()
#6 E:\wamp\www\rahulworkspace\codeigniter\system\CodeIgniter.php(412): CodeIgniter\CodeIgniter->runController(Object(App\Controllers\Product))
#7 E:\wamp\www\rahulworkspace\codeigniter\system\CodeIgniter.php(320): CodeIgniter\CodeIgniter->handleRequest(NULL, Object(Config\Cache), false)
#8 E:\wamp\www\rahulworkspace\codeigniter\public\index.php(37): CodeIgniter\CodeIgniter->run()
#9 {main}
CRITICAL - 2022-02-25 10:27:49 --> Undefined variable: data
#0 E:\wamp\www\rahulworkspace\codeigniter\app\Views\list_product.php(3): CodeIgniter\Debug\Exceptions->errorHandler(8, 'Undefined varia...', 'E:\\wamp\\www\\rah...', 3, Array)
#1 E:\wamp\www\rahulworkspace\codeigniter\system\View\View.php(210): include('E:\\wamp\\www\\rah...')
#2 E:\wamp\www\rahulworkspace\codeigniter\system\View\View.php(213): CodeIgniter\View\View->CodeIgniter\View\{closure}()
#3 E:\wamp\www\rahulworkspace\codeigniter\system\Common.php(1089): CodeIgniter\View\View->render('list_product', Array, true)
#4 E:\wamp\www\rahulworkspace\codeigniter\app\Controllers\Product.php(10): view('list_product', Array)
#5 E:\wamp\www\rahulworkspace\codeigniter\system\CodeIgniter.php(825): App\Controllers\Product->index()
#6 E:\wamp\www\rahulworkspace\codeigniter\system\CodeIgniter.php(412): CodeIgniter\CodeIgniter->runController(Object(App\Controllers\Product))
#7 E:\wamp\www\rahulworkspace\codeigniter\system\CodeIgniter.php(320): CodeIgniter\CodeIgniter->handleRequest(NULL, Object(Config\Cache), false)
#8 E:\wamp\www\rahulworkspace\codeigniter\public\index.php(37): CodeIgniter\CodeIgniter->run()
#9 {main}
CRITICAL - 2022-02-25 10:44:39 --> Class 'App\Models\ProductModel' not found
#0 E:\wamp\www\rahulworkspace\codeigniter\system\CodeIgniter.php(825): App\Controllers\Product->index()
#1 E:\wamp\www\rahulworkspace\codeigniter\system\CodeIgniter.php(412): CodeIgniter\CodeIgniter->runController(Object(App\Controllers\Product))
#2 E:\wamp\www\rahulworkspace\codeigniter\system\CodeIgniter.php(320): CodeIgniter\CodeIgniter->handleRequest(NULL, Object(Config\Cache), false)
#3 E:\wamp\www\rahulworkspace\codeigniter\public\index.php(37): CodeIgniter\CodeIgniter->run()
#4 {main}
CRITICAL - 2022-02-25 10:45:53 --> Class 'App\Models\BaseController' not found
#0 E:\wamp\www\rahulworkspace\codeigniter\system\Router\Router.php(518): include_once()
#1 E:\wamp\www\rahulworkspace\codeigniter\system\Router\Router.php(175): CodeIgniter\Router\Router->autoRoute('product')
#2 E:\wamp\www\rahulworkspace\codeigniter\system\CodeIgniter.php(719): CodeIgniter\Router\Router->handle('product')
#3 E:\wamp\www\rahulworkspace\codeigniter\system\CodeIgniter.php(361): CodeIgniter\CodeIgniter->tryToRouteIt(Object(CodeIgniter\Router\RouteCollection))
#4 E:\wamp\www\rahulworkspace\codeigniter\system\CodeIgniter.php(320): CodeIgniter\CodeIgniter->handleRequest(NULL, Object(Config\Cache), false)
#5 E:\wamp\www\rahulworkspace\codeigniter\public\index.php(37): CodeIgniter\CodeIgniter->run()
#6 {main}
CRITICAL - 2022-02-25 10:46:21 --> Class 'App\Controllers\ProductModel' not found
#0 E:\wamp\www\rahulworkspace\codeigniter\system\CodeIgniter.php(825): App\Controllers\Product->index()
#1 E:\wamp\www\rahulworkspace\codeigniter\system\CodeIgniter.php(412): CodeIgniter\CodeIgniter->runController(Object(App\Controllers\Product))
#2 E:\wamp\www\rahulworkspace\codeigniter\system\CodeIgniter.php(320): CodeIgniter\CodeIgniter->handleRequest(NULL, Object(Config\Cache), false)
#3 E:\wamp\www\rahulworkspace\codeigniter\public\index.php(37): CodeIgniter\CodeIgniter->run()
#4 {main}
CRITICAL - 2022-02-25 10:46:37 --> Class 'App\ModelsProductModel' not found
#0 E:\wamp\www\rahulworkspace\codeigniter\system\CodeIgniter.php(825): App\Controllers\Product->index()
#1 E:\wamp\www\rahulworkspace\codeigniter\system\CodeIgniter.php(412): CodeIgniter\CodeIgniter->runController(Object(App\Controllers\Product))
#2 E:\wamp\www\rahulworkspace\codeigniter\system\CodeIgniter.php(320): CodeIgniter\CodeIgniter->handleRequest(NULL, Object(Config\Cache), false)
#3 E:\wamp\www\rahulworkspace\codeigniter\public\index.php(37): CodeIgniter\CodeIgniter->run()
#4 {main}
CRITICAL - 2022-02-25 10:46:42 --> Class 'App\Controllers\App\ModelsProductModel' not found
#0 E:\wamp\www\rahulworkspace\codeigniter\system\CodeIgniter.php(825): App\Controllers\Product->index()
#1 E:\wamp\www\rahulworkspace\codeigniter\system\CodeIgniter.php(412): CodeIgniter\CodeIgniter->runController(Object(App\Controllers\Product))
#2 E:\wamp\www\rahulworkspace\codeigniter\system\CodeIgniter.php(320): CodeIgniter\CodeIgniter->handleRequest(NULL, Object(Config\Cache), false)
#3 E:\wamp\www\rahulworkspace\codeigniter\public\index.php(37): CodeIgniter\CodeIgniter->run()
#4 {main}
